==================== FINAL METRICS ====================
[Metrics] Total messages: 0, Avg latency: 0 ms
[Metrics] Max offline queue size: 0
==================== FINAL METRICS ====================
[Metrics] Total messages: 0, Avg latency: 0 ms
[Metrics] Max offline queue size: 0

==================== METRICS ====================
[Metrics] Total messages: 1, Throughput: 0 msg/sec, Avg latency: 2 ms
=================================================
==================== FINAL METRICS ====================
[Metrics] Total messages: 1, Avg latency: 2 ms
[Metrics] Max offline queue size: 1
==================== FINAL METRICS ====================
[Metrics] Total messages: 0, Avg latency: 0 ms
[Metrics] Max offline queue size: 0
==================== FINAL METRICS ====================
[Metrics] Total messages: 0, Avg latency: 0 ms
[Metrics] Max offline queue size: 0
==================== FINAL METRICS ====================
[Metrics] Total messages: 0, Avg latency: 0 ms
[Metrics] Max offline queue size: 0
==================== FINAL METRICS ====================
[Metrics] Total messages: 0, Avg latency: 0 ms
[Metrics] Max offline queue size: 0
==================== FINAL METRICS ====================
[Metrics] Total messages: 0, Avg latency: 0 ms
[Metrics] Max offline queue size: 0
==================== FINAL METRICS ====================
[Metrics] Total messages: 0, Avg latency: 0 ms
[Metrics] Max offline queue size: 0
==================== FINAL METRICS ====================
[Metrics] Total messages: 0, Avg latency: 0 ms
[Metrics] Max offline queue size: 0
